<?xml version="1.0" encoding="UTF-8"?>
<!-- Generated by org.testng.reporters.JUnitXMLReporter -->
<testsuite ignored="0" hostname="m-wpxmv2cyh5" failures="1" tests="1" name="Default test" time="0.494" errors="0" timestamp="2024-04-30T16:59:24 IST">
  <testcase classname="io.cucumber.testng.AbstractTestNGCucumberTests" name="runScenario" time="0.159">
    <failure type="java.lang.NullPointerException" message="Cannot invoke &amp;quot;org.openqa.selenium.WebDriver.get(String)&amp;quot; because the return value of &amp;quot;cucumber.pages.loginPage.getDriver()&amp;quot; is null">
      <![CDATA[java.lang.NullPointerException: Cannot invoke "org.openqa.selenium.WebDriver.get(String)" because the return value of "cucumber.pages.loginPage.getDriver()" is null
at cucumber.pages.loginPage.enterUrl(loginPage.java:36)
at cucumber.steps.LoginSteps.user_enter_the_application_url(LoginSteps.java:19)
at ✽.User enter the application url(file:///Users/a0p069l/Documents/IntlcommsRepo/intl-comms-localrepo/CucumberDemo/src/test/resources/Features/login.feature:33)
]]>
    </failure>
  </testcase> <!-- runScenario -->
</testsuite> <!-- Default test -->
