<?xml version="1.0" encoding="UTF-8"?>
<testng-results ignored="0" total="1" passed="1" failed="0" skipped="0">
  <reporter-output>
  </reporter-output>
  <suite started-at="2024-04-30T11:38:47 IST" name="Surefire suite" finished-at="2024-04-30T11:39:06 IST" duration-ms="19324">
    <groups>
      <group name="cucumber">
        <method signature="AbstractTestNGCucumberTests.runScenario(io.cucumber.testng.PickleWrapper,io.cucumber.testng.FeatureWrapper)[pri:0, instance:cucumber.runner.CucumberTestNGRunner@6b419da]" name="runScenario" class="io.cucumber.testng.AbstractTestNGCucumberTests"/>
      </group> <!-- cucumber -->
    </groups>
    <test started-at="2024-04-30T11:38:47 IST" name="Surefire test" finished-at="2024-04-30T11:39:06 IST" duration-ms="19324">
      <class name="cucumber.runner.CucumberTestNGRunner">
        <test-method is-config="true" signature="setUpClass(org.testng.ITestContext)[pri:0, instance:cucumber.runner.CucumberTestNGRunner@6b419da]" started-at="2024-04-30T11:38:47 IST" name="setUpClass" finished-at="2024-04-30T11:38:47 IST" duration-ms="87" status="PASS">
          <params>
            <param index="0">
              <value>
                <![CDATA[org.testng.TestRunner@7bbc8656]]>
              </value>
            </param>
          </params>
          <reporter-output>
          </reporter-output>
        </test-method> <!-- setUpClass -->
        <test-method signature="runScenario(io.cucumber.testng.PickleWrapper,io.cucumber.testng.FeatureWrapper)[pri:0, instance:cucumber.runner.CucumberTestNGRunner@6b419da]" started-at="2024-04-30T11:38:47 IST" name="runScenario" description="Runs Cucumber Scenarios" data-provider="scenarios" finished-at="2024-04-30T11:39:06 IST" duration-ms="19219" status="PASS">
          <params>
            <param index="0">
              <value>
                <![CDATA["Validating login feature"]]>
              </value>
            </param>
            <param index="1">
              <value>
                <![CDATA["Valiadte login feature"]]>
              </value>
            </param>
          </params>
          <reporter-output>
          </reporter-output>
        </test-method> <!-- runScenario -->
        <test-method is-config="true" signature="tearDownClass()[pri:0, instance:cucumber.runner.CucumberTestNGRunner@6b419da]" started-at="2024-04-30T11:39:06 IST" name="tearDownClass" finished-at="2024-04-30T11:39:06 IST" duration-ms="2" status="PASS">
          <reporter-output>
          </reporter-output>
        </test-method> <!-- tearDownClass -->
      </class> <!-- cucumber.runner.CucumberTestNGRunner -->
    </test> <!-- Surefire test -->
  </suite> <!-- Surefire suite -->
</testng-results>
