<?xml version="1.0" encoding="UTF-8"?>
<testng-results ignored="0" total="2" passed="2" failed="0" skipped="0">
  <reporter-output>
  </reporter-output>
  <suite started-at="2024-04-29T20:03:57 IST" name="Default suite" finished-at="2024-04-29T20:04:16 IST" duration-ms="18911">
    <groups>
      <group name="cucumber">
        <method signature="AbstractTestNGCucumberTests.runScenario(io.cucumber.testng.PickleWrapper,io.cucumber.testng.FeatureWrapper)[pri:0, instance:cucumber.runner.CucumberTestNGRunner@75d3a5e0]" name="runScenario" class="io.cucumber.testng.AbstractTestNGCucumberTests"/>
      </group> <!-- cucumber -->
    </groups>
    <test started-at="2024-04-29T20:03:57 IST" name="Default test" finished-at="2024-04-29T20:04:16 IST" duration-ms="18911">
      <class name="cucumber.runner.CucumberTestNGRunner">
        <test-method is-config="true" signature="setUpClass(org.testng.ITestContext)[pri:0, instance:cucumber.runner.CucumberTestNGRunner@75d3a5e0]" started-at="2024-04-29T20:03:57 IST" name="setUpClass" finished-at="2024-04-29T20:03:57 IST" duration-ms="265" status="PASS">
          <params>
            <param index="0">
              <value>
                <![CDATA[org.testng.TestRunner@6bb2d00b]]>
              </value>
            </param>
          </params>
          <reporter-output>
          </reporter-output>
        </test-method> <!-- setUpClass -->
        <test-method signature="runScenario(io.cucumber.testng.PickleWrapper,io.cucumber.testng.FeatureWrapper)[pri:0, instance:cucumber.runner.CucumberTestNGRunner@75d3a5e0]" started-at="2024-04-29T20:03:57 IST" name="runScenario" description="Runs Cucumber Scenarios" data-provider="scenarios" finished-at="2024-04-29T20:04:15 IST" duration-ms="18571" status="PASS">
          <params>
            <param index="0">
              <value>
                <![CDATA["Validating login feature"]]>
              </value>
            </param>
            <param index="1">
              <value>
                <![CDATA["Valiadte login feature"]]>
              </value>
            </param>
          </params>
          <reporter-output>
          </reporter-output>
        </test-method> <!-- runScenario -->
        <test-method signature="runScenario(io.cucumber.testng.PickleWrapper,io.cucumber.testng.FeatureWrapper)[pri:0, instance:cucumber.runner.CucumberTestNGRunner@75d3a5e0]" started-at="2024-04-29T20:03:57 IST" name="runScenario" description="Runs Cucumber Scenarios" data-provider="scenarios" finished-at="2024-04-29T20:04:15 IST" duration-ms="18000" status="PASS">
          <params>
            <param index="0">
              <value>
                <![CDATA["Validating login feature"]]>
              </value>
            </param>
            <param index="1">
              <value>
                <![CDATA["Valiadte login feature"]]>
              </value>
            </param>
          </params>
          <reporter-output>
          </reporter-output>
        </test-method> <!-- runScenario -->
        <test-method is-config="true" signature="tearDownClass()[pri:0, instance:cucumber.runner.CucumberTestNGRunner@75d3a5e0]" started-at="2024-04-29T20:04:16 IST" name="tearDownClass" finished-at="2024-04-29T20:04:16 IST" duration-ms="4" status="PASS">
          <reporter-output>
          </reporter-output>
        </test-method> <!-- tearDownClass -->
      </class> <!-- cucumber.runner.CucumberTestNGRunner -->
    </test> <!-- Default test -->
  </suite> <!-- Default suite -->
</testng-results>
