<?xml version="1.0" encoding="UTF-8"?>
<testng-results ignored="0" total="1" passed="0" failed="1" skipped="0">
  <reporter-output>
  </reporter-output>
  <suite started-at="2024-04-30T16:59:23 IST" name="Default suite" finished-at="2024-04-30T16:59:24 IST" duration-ms="494">
    <groups>
      <group name="cucumber">
        <method signature="AbstractTestNGCucumberTests.runScenario(io.cucumber.testng.PickleWrapper,io.cucumber.testng.FeatureWrapper)[pri:0, instance:cucumber.steps.CucumberTestNGRun@75d3a5e0]" name="runScenario" class="io.cucumber.testng.AbstractTestNGCucumberTests"/>
      </group> <!-- cucumber -->
    </groups>
    <test started-at="2024-04-30T16:59:23 IST" name="Default test" finished-at="2024-04-30T16:59:24 IST" duration-ms="494">
      <class name="cucumber.steps.CucumberTestNGRun">
        <test-method is-config="true" signature="setUpClass(org.testng.ITestContext)[pri:0, instance:cucumber.steps.CucumberTestNGRun@75d3a5e0]" started-at="2024-04-30T16:59:23 IST" name="setUpClass" finished-at="2024-04-30T16:59:24 IST" duration-ms="258" status="PASS">
          <params>
            <param index="0">
              <value>
                <![CDATA[org.testng.TestRunner@64a8c844]]>
              </value>
            </param>
          </params>
          <reporter-output>
          </reporter-output>
        </test-method> <!-- setUpClass -->
        <test-method signature="runScenario(io.cucumber.testng.PickleWrapper,io.cucumber.testng.FeatureWrapper)[pri:0, instance:cucumber.steps.CucumberTestNGRun@75d3a5e0]" started-at="2024-04-30T16:59:24 IST" name="runScenario" description="Runs Cucumber Scenarios" data-provider="scenarios" finished-at="2024-04-30T16:59:24 IST" duration-ms="159" status="FAIL">
          <params>
            <param index="0">
              <value>
                <![CDATA["Validating login feature"]]>
              </value>
            </param>
            <param index="1">
              <value>
                <![CDATA["Valiadte login feature"]]>
              </value>
            </param>
          </params>
          <exception class="java.lang.NullPointerException">
            <message>
              <![CDATA[Cannot invoke "org.openqa.selenium.WebDriver.get(String)" because the return value of "cucumber.pages.loginPage.getDriver()" is null]]>
            </message>
            <full-stacktrace>
              <![CDATA[java.lang.NullPointerException: Cannot invoke "org.openqa.selenium.WebDriver.get(String)" because the return value of "cucumber.pages.loginPage.getDriver()" is null
at cucumber.pages.loginPage.enterUrl(loginPage.java:36)
at cucumber.steps.LoginSteps.user_enter_the_application_url(LoginSteps.java:19)
at ✽.User enter the application url(file:///Users/a0p069l/Documents/IntlcommsRepo/intl-comms-localrepo/CucumberDemo/src/test/resources/Features/login.feature:33)
]]>
            </full-stacktrace>
          </exception> <!-- java.lang.NullPointerException -->
          <reporter-output>
          </reporter-output>
        </test-method> <!-- runScenario -->
        <test-method is-config="true" signature="tearDownClass()[pri:0, instance:cucumber.steps.CucumberTestNGRun@75d3a5e0]" started-at="2024-04-30T16:59:24 IST" name="tearDownClass" finished-at="2024-04-30T16:59:24 IST" duration-ms="5" status="PASS">
          <reporter-output>
          </reporter-output>
        </test-method> <!-- tearDownClass -->
      </class> <!-- cucumber.steps.CucumberTestNGRun -->
    </test> <!-- Default test -->
  </suite> <!-- Default suite -->
</testng-results>
