<?xml version="1.0" encoding="UTF-8"?>
<!-- Generated by org.testng.reporters.JUnitReportReporter -->
<testsuite hostname="m-wpxmv2cyh5" failures="0" tests="1" name="cucumber.steps.CucumberTestNGRun" time="0.159" errors="1" timestamp="2024-04-30T16:59:24 IST" skipped="0">
  <testcase classname="cucumber.steps.CucumberTestNGRun" name="runScenario" time="0.159">
    <error message="Cannot invoke &quot;org.openqa.selenium.WebDriver.get(String)&quot; because the return value of &quot;cucumber.pages.loginPage.getDriver()&quot; is null" type="java.lang.NullPointerException">
      <![CDATA[java.lang.NullPointerException: Cannot invoke "org.openqa.selenium.WebDriver.get(String)" because the return value of "cucumber.pages.loginPage.getDriver()" is null
at cucumber.pages.loginPage.enterUrl(loginPage.java:36)
at cucumber.steps.LoginSteps.user_enter_the_application_url(LoginSteps.java:19)
at ✽.User enter the application url(file:///Users/a0p069l/Documents/IntlcommsRepo/intl-comms-localrepo/CucumberDemo/src/test/resources/Features/login.feature:33)
]]>
    </error>
  </testcase> <!-- runScenario -->
</testsuite> <!-- cucumber.steps.CucumberTestNGRun -->
